<?xml version="1.0" encoding="UTF-8"?>
<!-- Generated by org.testng.reporters.JUnitXMLReporter -->
<testsuite hostname="LAPTOP-LHUR9BQO" failures="0" tests="8" name="Test Maven Testing" time="0.034" errors="0" timestamp="18 Jan 2021 23:55:30 GMT">
  <testcase classname="com.qa.tests.DemoTest" name="div" time="0.016"/>
  <testcase classname="com.qa.tests.DemoTest" name="mul" time="0.0"/>
  <testcase classname="com.qa.tests.DemoTest" name="sub" time="0.0"/>
  <testcase classname="com.qa.tests.DemoTest" name="sum" time="0.0"/>
  <testcase classname="com.qa.tests.DemoTest1" name="div" time="0.0"/>
  <testcase classname="com.qa.tests.DemoTest1" name="mul" time="0.0"/>
  <testcase classname="com.qa.tests.DemoTest1" name="sub" time="0.0"/>
  <testcase classname="com.qa.tests.DemoTest1" name="sum" time="0.001"/>
</testsuite> <!-- Test Maven Testing -->
