<?xml version="1.0" encoding="UTF-8"?>
<!-- Generated by org.testng.reporters.JUnitXMLReporter -->
<testsuite hostname="LAPTOP-LHUR9BQO" failures="0" tests="4" name="Surefire test" time="0.19" errors="0" timestamp="15 Jan 2021 09:15:43 GMT">
  <testcase classname="com.qa.tests.DemoTest" name="div" time="0.111"/>
  <testcase classname="com.qa.tests.DemoTest" name="mul" time="0.006"/>
  <testcase classname="com.qa.tests.DemoTest" name="sub" time="0.003"/>
  <testcase classname="com.qa.tests.DemoTest" name="sum" time="0.001"/>
</testsuite> <!-- Surefire test -->
