<?xml version="1.0" encoding="UTF-8"?>
<testng-results total="8" passed="8" failed="0" skipped="0">
  <reporter-output>
  </reporter-output>
  <suite started-at="2021-01-18T23:55:30Z" name="Test Maven Suite" finished-at="2021-01-18T23:55:30Z" duration-ms="34">
    <groups>
    </groups>
    <test started-at="2021-01-18T23:55:30Z" name="Test Maven Testing" finished-at="2021-01-18T23:55:30Z" duration-ms="34">
      <class name="com.qa.tests.DemoTest">
        <test-method signature="div()[pri:0, instance:com.qa.tests.DemoTest@7b7fdc8]" started-at="2021-01-19T10:55:30Z" name="div" finished-at="2021-01-19T10:55:30Z" duration-ms="16" status="PASS">
          <reporter-output>
          </reporter-output>
        </test-method> <!-- div -->
        <test-method signature="sub()[pri:0, instance:com.qa.tests.DemoTest@7b7fdc8]" started-at="2021-01-19T10:55:30Z" name="sub" finished-at="2021-01-19T10:55:30Z" duration-ms="0" status="PASS">
          <reporter-output>
          </reporter-output>
        </test-method> <!-- sub -->
        <test-method signature="mul()[pri:0, instance:com.qa.tests.DemoTest@7b7fdc8]" started-at="2021-01-19T10:55:30Z" name="mul" finished-at="2021-01-19T10:55:30Z" duration-ms="0" status="PASS">
          <reporter-output>
          </reporter-output>
        </test-method> <!-- mul -->
        <test-method signature="sum()[pri:0, instance:com.qa.tests.DemoTest@7b7fdc8]" started-at="2021-01-19T10:55:30Z" name="sum" finished-at="2021-01-19T10:55:30Z" duration-ms="0" status="PASS">
          <reporter-output>
          </reporter-output>
        </test-method> <!-- sum -->
      </class> <!-- com.qa.tests.DemoTest -->
      <class name="com.qa.tests.DemoTest1">
        <test-method signature="mul()[pri:0, instance:com.qa.tests.DemoTest1@55c53a33]" started-at="2021-01-19T10:55:30Z" name="mul" finished-at="2021-01-19T10:55:30Z" duration-ms="0" status="PASS">
          <reporter-output>
          </reporter-output>
        </test-method> <!-- mul -->
        <test-method signature="div()[pri:0, instance:com.qa.tests.DemoTest1@55c53a33]" started-at="2021-01-19T10:55:30Z" name="div" finished-at="2021-01-19T10:55:30Z" duration-ms="0" status="PASS">
          <reporter-output>
          </reporter-output>
        </test-method> <!-- div -->
        <test-method signature="sub()[pri:0, instance:com.qa.tests.DemoTest1@55c53a33]" started-at="2021-01-19T10:55:30Z" name="sub" finished-at="2021-01-19T10:55:30Z" duration-ms="0" status="PASS">
          <reporter-output>
          </reporter-output>
        </test-method> <!-- sub -->
        <test-method signature="sum()[pri:0, instance:com.qa.tests.DemoTest1@55c53a33]" started-at="2021-01-19T10:55:30Z" name="sum" finished-at="2021-01-19T10:55:30Z" duration-ms="1" status="PASS">
          <reporter-output>
          </reporter-output>
        </test-method> <!-- sum -->
      </class> <!-- com.qa.tests.DemoTest1 -->
    </test> <!-- Test Maven Testing -->
  </suite> <!-- Test Maven Suite -->
</testng-results>
